c:\users\nabil\dropbox\esiee-it5102e-16\mycode\startingcode-solution3\myproj\debug\vc140.pdb
c:\users\nabil\dropbox\esiee-it5102e-16\mycode\startingcode-solution3\myproj\debug\vc140.idb
c:\users\nabil\dropbox\esiee-it5102e-16\mycode\startingcode-solution3\myproj\debug\main.obj
c:\users\nabil\dropbox\esiee-it5102e-16\mycode\startingcode-solution3\myproj\debug\shaders.obj
c:\users\nabil\dropbox\esiee-it5102e-16\mycode\startingcode-solution4\myproj\debug\vc140.pdb
c:\users\nabil\dropbox\esiee-it5102e-16\mycode\startingcode-solution4\myproj\debug\vc140.idb
c:\users\nabil\dropbox\esiee-it5102e-16\mycode\startingcode-solution4\myproj\debug\main.obj
c:\users\nabil\dropbox\esiee-it5102e-16\mycode\startingcode-solution4\myproj\debug\shaders.obj
c:\users\nabil\dropbox\esiee-it5102e-16\tp2\startingcode-solution4\myproj\debug\vc140.pdb
c:\users\nabil\dropbox\esiee-it5102e-16\tp2\startingcode-solution4\myproj\debug\vc140.idb
c:\users\nabil\dropbox\esiee-it5102e-16\tp2\startingcode-solution4\myproj\debug\main.obj
c:\users\nabil\dropbox\esiee-it5102e-16\tp2\startingcode-solution4\myproj\debug\shaders.obj
c:\users\nabil\dropbox\esiee-it5102e-16\tp2\startingcode-tp2\myproj\debug\vc140.pdb
c:\users\nabil\dropbox\esiee-it5102e-16\tp2\startingcode-tp2\myproj\debug\vc140.idb
c:\users\nabil\dropbox\esiee-it5102e-16\tp2\startingcode-tp2\myproj\debug\main.obj
c:\users\nabil\dropbox\esiee-it5102e-16\tp2\startingcode-tp2\myproj\debug\shaders.obj
c:\users\nabil\dropbox\esiee-it5102e-16\mycode\startingcode-solution3\debug\myproj.ilk
c:\users\nabil\dropbox\esiee-it5102e-16\mycode\startingcode-solution3\debug\myproj.exe
c:\users\nabil\dropbox\esiee-it5102e-16\mycode\startingcode-solution3\debug\myproj.pdb
c:\users\nabil\dropbox\esiee-it5102e-16\mycode\startingcode-solution4\debug\myproj.ilk
c:\users\nabil\dropbox\esiee-it5102e-16\mycode\startingcode-solution4\debug\myproj.exe
c:\users\nabil\dropbox\esiee-it5102e-16\mycode\startingcode-solution4\debug\myproj.pdb
c:\users\nabil\dropbox\esiee-it5102e-16\tp2\startingcode-solution4\debug\myproj.ilk
c:\users\nabil\dropbox\esiee-it5102e-16\tp2\startingcode-solution4\debug\myproj.exe
c:\users\nabil\dropbox\esiee-it5102e-16\tp2\startingcode-solution4\debug\myproj.pdb
c:\users\nabil\dropbox\esiee-it5102e-16\tp2\startingcode-tp2\debug\myproj.ilk
c:\users\nabil\dropbox\esiee-it5102e-16\tp2\startingcode-tp2\debug\myproj.exe
c:\users\nabil\dropbox\esiee-it5102e-16\tp2\startingcode-tp2\debug\myproj.pdb
c:\users\nabil\dropbox\esiee-it5102e-16\tp2\startingcode-tp2\myproj\debug\myproj.tlog\cl.command.1.tlog
c:\users\nabil\dropbox\esiee-it5102e-16\tp2\startingcode-tp2\myproj\debug\myproj.tlog\cl.read.1.tlog
c:\users\nabil\dropbox\esiee-it5102e-16\tp2\startingcode-tp2\myproj\debug\myproj.tlog\cl.write.1.tlog
c:\users\nabil\dropbox\esiee-it5102e-16\tp2\startingcode-tp2\myproj\debug\myproj.tlog\link.command.1.tlog
c:\users\nabil\dropbox\esiee-it5102e-16\tp2\startingcode-tp2\myproj\debug\myproj.tlog\link.read.1.tlog
c:\users\nabil\dropbox\esiee-it5102e-16\tp2\startingcode-tp2\myproj\debug\myproj.tlog\link.write.1.tlog
